21:41:44 30/05/2025 - HUB - Smarthub Smarthub 1 gestart
21:41:44 30/05/2025 - HUB - Smarthub 1 gekoppeld aan woning.
21:41:44 30/05/2025 - SETUP - Woning Slimme woning succesvol aangemaaktt en smarthub Smarthub 1 gekoppeld
21:44:10 30/05/2025 - HUB - Smarthub Smarthub 1 gestart
21:44:10 30/05/2025 - HUB - Smarthub 1 gekoppeld aan woning.
21:44:10 30/05/2025 - SETUP - Woning Slimme woning succesvol aangemaaktt en smarthub Smarthub 1 gekoppeld
21:44:10 30/05/2025 - INFO - Debug: kamer Living toegevoegd aan Slimme woning
21:44:10 30/05/2025 - INFO - Debug: kamer Keuken toegevoegd aan Slimme woning
21:44:10 30/05/2025 - INFO - Debug: kamer Slaapkamer groot toegevoegd aan Slimme woning
21:44:10 30/05/2025 - INFO - Debug: kamer Slaapkamer klein toegevoegd aan Slimme woning
21:44:10 30/05/2025 - INFO - Debug: kamer Badkamer 1e Verdiep toegevoegd aan Slimme woning
21:44:10 30/05/2025 - INFO - Debug: kamer Badkamer 2e Verdiep toegevoegd aan Slimme woning
21:44:10 30/05/2025 - INFO - Debug: kamer Bureau toegevoegd aan Slimme woning
21:47:25 30/05/2025 - HUB - Smarthub Smarthub 1 gestart
21:47:25 30/05/2025 - HUB - Smarthub 1 gekoppeld aan woning.
21:47:25 30/05/2025 - SETUP - Woning Slimme woning succesvol aangemaaktt en smarthub Smarthub 1 gekoppeld
21:47:25 30/05/2025 - INFO - Debug: kamer Living toegevoegd aan Slimme woning
21:47:25 30/05/2025 - INFO - Debug: kamer Keuken toegevoegd aan Slimme woning
21:47:25 30/05/2025 - INFO - Debug: kamer Slaapkamer groot toegevoegd aan Slimme woning
21:47:25 30/05/2025 - INFO - Debug: kamer Slaapkamer klein toegevoegd aan Slimme woning
21:47:25 30/05/2025 - INFO - Debug: kamer Badkamer 1e Verdiep toegevoegd aan Slimme woning
21:47:25 30/05/2025 - INFO - Debug: kamer Badkamer 2e Verdiep toegevoegd aan Slimme woning
21:47:25 30/05/2025 - INFO - Debug: kamer Bureau toegevoegd aan Slimme woning
21:47:25 30/05/2025 - APPCONFIG - Apparaat Lamp Living Luster aangemaakt, Lamp in geen kamer
21:47:25 30/05/2025 - INFO - DEBUG: Helderheid van Lamp Living Luster aangepast naar 100%
21:47:25 30/05/2025 - INFO - DEBUG: Apparaat 'Lamp Living Luster' AAN gezet.
